/*C2*/SET SCHEMA PUBLIC
DELETE FROM "mendixsystem$version" WHERE "versionnumber"='4.2'
INSERT INTO "mendixsystem$version" VALUES('4.2','2023-12-13 09:29:17.493000','4.1.0','unversioned','splash_screen_issue','9.24.12.20495')
COMMIT
DELETE FROM "mendixsystem$entityidentifier" WHERE "id"='d4154981-8dac-4150-aec5-efa3ef62a7a2'
INSERT INTO "mendixsystem$entityidentifier" VALUES('d4154981-8dac-4150-aec5-efa3ef62a7a2',3,301)
COMMIT
INSERT INTO "system$xasinstance" VALUES(844424930157746,'e3bf19c5-ea62-48f4-90ff-e962cef22db1','2023-12-13 12:18:36.693000',NULL,NULL,NULL,'2023-12-13 12:18:36.676000')
COMMIT
DELETE FROM "system$userrole" WHERE "id"=9851624184873139
INSERT INTO "system$userrole" VALUES(9851624184873139,'8dd52bfa-6d7e-453b-b506-303c0a3d9567','Administrator','')
DELETE FROM "system$userrole" WHERE "id"=9851624184873303
INSERT INTO "system$userrole" VALUES(9851624184873303,'53f5d6fa-6da9-4a71-b011-454ec052cce8','User','')
DELETE FROM "system$userrole" WHERE "id"=9851624184873439
INSERT INTO "system$userrole" VALUES(9851624184873439,'a177b8aa-b3cd-4a4f-9cb1-001de011c2ba','Anonymous','')
COMMIT
/*C3*/SET SCHEMA PUBLIC
DELETE FROM "system$user" WHERE "id"=10133099161583774
INSERT INTO "system$user" VALUES(10133099161583774,'demo_administrator','{BCrypt}$2a$10$8jQbqNwZyBs2zCj181drneOkiNHmDDKAH2RHbxwO6g7xGe0uXo0eO',NULL,FALSE,NULL,TRUE,0,FALSE,FALSE,'2023-12-13 11:29:21.446000','2023-12-13 11:29:21.446000','Administration.Account',NULL,10133099161583774)
COMMIT
/*C4*/SET SCHEMA PUBLIC
DELETE FROM "system$user" WHERE "id"=10133099161583992
INSERT INTO "system$user" VALUES(10133099161583992,'demo_user','{BCrypt}$2a$10$1a98COHdIsdcPQZG6fprvuxrXKGEEXwVLU59Q4I8eJt9RvtHr9eyi',NULL,FALSE,NULL,TRUE,0,FALSE,FALSE,'2023-12-13 11:29:21.668000','2023-12-13 11:29:21.668000','Administration.Account',NULL,10133099161583992)
COMMIT
/*C2*/DELETE FROM "system$user" WHERE "id"=281474976710892
INSERT INTO "system$user" VALUES(281474976710892,'demo_anonymous','{BCrypt}$2a$10$w2XqyfPz/QAfmcw4PBnFc.DYgflK2Bq89utRK7EBfJtBid27MjGMa',NULL,FALSE,NULL,TRUE,0,FALSE,FALSE,'2023-12-13 11:29:21.786000','2023-12-13 11:29:21.786000','System.User',NULL,281474976710892)
COMMIT
DELETE FROM "mendixsystem$properties" WHERE "key"='Mendix.Runtime.DeploymentID'
INSERT INTO "mendixsystem$properties" VALUES('Mendix.Runtime.DeploymentID','638380558919190423')
COMMIT
DELETE FROM "mendixsystem$entityidentifier" WHERE "id"='c6c131c8-8779-4213-9b26-a64e141f26a8'
INSERT INTO "mendixsystem$entityidentifier" VALUES('c6c131c8-8779-4213-9b26-a64e141f26a8',16,301)
COMMIT
ALTER SEQUENCE PUBLIC."system$queuedtask_sequence_mxseq" RESTART WITH 36
INSERT INTO "system$queuedtask" VALUES(4503599627396245,35,'Idle','59651013-f9bc-4fc1-b435-276439b07899','System.ScheduledEventsQueue','System',NULL,NULL,'ClusterManagement-PopulateFileDocumentSizes','[]',NULL,NULL,'2023-12-13 12:18:38.211000','2023-12-13 12:18:43.175000',NULL,0,'{"interval":3600000,"triesLeft":12,"type":"fixed"}',NULL,NULL)
COMMIT
DELETE FROM "system$queuedtask" WHERE "id"=4503599627383780
INSERT INTO "system$queuedtask" VALUES(4503599627383780,29,'Idle','59651013-f9bc-4fc1-b435-276439b07899','System.ScheduledEventsQueue','ScheduledEvent',NULL,NULL,'ClusterManagement-CleanupOfflineSyncHistory','[]',NULL,NULL,'2023-12-13 12:04:38.256000','2023-12-13 12:18:39.252000',NULL,0,NULL,'ClusterManagement-CleanupOfflineSyncHistory',NULL)
DELETE FROM "system$queuedtask" WHERE "id"=4503599627384209
INSERT INTO "system$queuedtask" VALUES(4503599627384209,33,'Idle','59651013-f9bc-4fc1-b435-276439b07899','System.ScheduledEventsQueue','ScheduledEvent',NULL,NULL,'ClusterManagement-UnblockUsers','[]',NULL,NULL,'2023-12-13 12:04:41.434000','2023-12-13 12:18:43.252000',NULL,0,NULL,'ClusterManagement-UnblockUsers',NULL)
DELETE FROM "system$queuedtask" WHERE "id"=4503599627384028
INSERT INTO "system$queuedtask" VALUES(4503599627384028,31,'Idle','59651013-f9bc-4fc1-b435-276439b07899','System.ScheduledEventsQueue','ScheduledEvent',NULL,NULL,'ClusterManagement-CleanupTmpDocuments','[]',NULL,NULL,'2023-12-13 12:04:38.299000','2023-12-13 12:18:39.251000',NULL,0,NULL,'ClusterManagement-CleanupTmpDocuments',NULL)
DELETE FROM "system$queuedtask" WHERE "id"=4503599627384339
INSERT INTO "system$queuedtask" VALUES(4503599627384339,34,'Idle','59651013-f9bc-4fc1-b435-276439b07899','System.ScheduledEventsQueue','ScheduledEvent',NULL,NULL,'ClusterManagement-MigrateOldFiles','[]',NULL,NULL,'2023-12-13 12:06:17.406000','2023-12-13 12:20:19.252000',NULL,0,NULL,'ClusterManagement-MigrateOldFiles',NULL)
DELETE FROM "system$queuedtask" WHERE "id"=4503599627372901
INSERT INTO "system$queuedtask" VALUES(4503599627372901,18,'Idle','59651013-f9bc-4fc1-b435-276439b07899','System.ScheduledEventsQueue','ScheduledEvent',NULL,NULL,'ClusterManagement-CleanupOrphanedFiles','[]',NULL,NULL,'2023-12-13 11:31:54.413000','2023-12-13 12:21:59.252000',NULL,0,NULL,'ClusterManagement-CleanupOrphanedFiles',NULL)
DELETE FROM "system$queuedtask" WHERE "id"=4503599627383835
INSERT INTO "system$queuedtask" VALUES(4503599627383835,30,'Idle','59651013-f9bc-4fc1-b435-276439b07899','System.ScheduledEventsQueue','ScheduledEvent',NULL,NULL,'ClusterManagement-CleanupBackgroundJobs','[]',NULL,NULL,'2023-12-13 12:04:38.256000','2023-12-13 12:18:39.251000',NULL,0,NULL,'ClusterManagement-CleanupBackgroundJobs',NULL)
DELETE FROM "system$queuedtask" WHERE "id"=4503599627383593
INSERT INTO "system$queuedtask" VALUES(4503599627383593,28,'Idle','59651013-f9bc-4fc1-b435-276439b07899','System.ScheduledEventsQueue','ScheduledEvent',NULL,NULL,'ClusterManagement-CleanupOfflineGUIDs','[]',NULL,NULL,'2023-12-13 12:04:38.257000','2023-12-13 12:18:39.252000',NULL,0,NULL,'ClusterManagement-CleanupOfflineGUIDs',NULL)
DELETE FROM "system$queuedtask" WHERE "id"=4503599627384085
INSERT INTO "system$queuedtask" VALUES(4503599627384085,32,'Idle','59651013-f9bc-4fc1-b435-276439b07899','System.ScheduledEventsQueue','ScheduledEvent',NULL,NULL,'ClusterManagement-CleanupSessions','[]',NULL,NULL,'2023-12-13 12:04:38.295000','2023-12-13 12:18:39.252000',NULL,0,NULL,'ClusterManagement-CleanupSessions',NULL)
COMMIT
DELETE FROM "system$xasinstance" WHERE "id"=844424930157746
INSERT INTO "system$xasinstance" VALUES(844424930157746,'e3bf19c5-ea62-48f4-90ff-e962cef22db1','2023-12-13 12:18:39.149000',NULL,NULL,NULL,'2023-12-13 12:18:36.676000')
COMMIT
/*C4*/DELETE FROM "system$queuedtask" WHERE "id"=4503599627383593
DELETE FROM "system$queuedtask" WHERE "id"=4503599627383780
DELETE FROM "system$queuedtask" WHERE "id"=4503599627383835
DELETE FROM "system$queuedtask" WHERE "id"=4503599627384028
DELETE FROM "system$queuedtask" WHERE "id"=4503599627384085
INSERT INTO "system$queuedtask" VALUES(4503599627383593,28,'Running','59651013-f9bc-4fc1-b435-276439b07899','System.ScheduledEventsQueue','ScheduledEvent',NULL,NULL,'ClusterManagement-CleanupOfflineGUIDs','[]','e3bf19c5-ea62-48f4-90ff-e962cef22db1',35,'2023-12-13 12:04:38.257000','2023-12-13 12:18:39.252000','2023-12-13 12:18:40.419000',0,NULL,'ClusterManagement-CleanupOfflineGUIDs',NULL)
INSERT INTO "system$queuedtask" VALUES(4503599627383780,29,'Running','59651013-f9bc-4fc1-b435-276439b07899','System.ScheduledEventsQueue','ScheduledEvent',NULL,NULL,'ClusterManagement-CleanupOfflineSyncHistory','[]','e3bf19c5-ea62-48f4-90ff-e962cef22db1',35,'2023-12-13 12:04:38.256000','2023-12-13 12:18:39.252000','2023-12-13 12:18:40.425000',0,NULL,'ClusterManagement-CleanupOfflineSyncHistory',NULL)
INSERT INTO "system$queuedtask" VALUES(4503599627383835,30,'Running','59651013-f9bc-4fc1-b435-276439b07899','System.ScheduledEventsQueue','ScheduledEvent',NULL,NULL,'ClusterManagement-CleanupBackgroundJobs','[]','e3bf19c5-ea62-48f4-90ff-e962cef22db1',35,'2023-12-13 12:04:38.256000','2023-12-13 12:18:39.251000','2023-12-13 12:18:40.428000',0,NULL,'ClusterManagement-CleanupBackgroundJobs',NULL)
INSERT INTO "system$queuedtask" VALUES(4503599627384028,31,'Running','59651013-f9bc-4fc1-b435-276439b07899','System.ScheduledEventsQueue','ScheduledEvent',NULL,NULL,'ClusterManagement-CleanupTmpDocuments','[]','e3bf19c5-ea62-48f4-90ff-e962cef22db1',35,'2023-12-13 12:04:38.299000','2023-12-13 12:18:39.251000','2023-12-13 12:18:40.432000',0,NULL,'ClusterManagement-CleanupTmpDocuments',NULL)
INSERT INTO "system$queuedtask" VALUES(4503599627384085,32,'Running','59651013-f9bc-4fc1-b435-276439b07899','System.ScheduledEventsQueue','ScheduledEvent',NULL,NULL,'ClusterManagement-CleanupSessions','[]','e3bf19c5-ea62-48f4-90ff-e962cef22db1',35,'2023-12-13 12:04:38.295000','2023-12-13 12:18:39.252000','2023-12-13 12:18:40.433000',0,NULL,'ClusterManagement-CleanupSessions',NULL)
COMMIT
ALTER SEQUENCE PUBLIC."system$queuedtask_sequence_mxseq" RESTART WITH 39
/*C2*/ALTER SEQUENCE PUBLIC."system$queuedtask_sequence_mxseq" RESTART WITH 39
/*C3*/ALTER SEQUENCE PUBLIC."system$queuedtask_sequence_mxseq" RESTART WITH 40
/*C6*/SET SCHEMA PUBLIC
DELETE FROM "mendixsystem$entityidentifier" WHERE "id"='eb5c32a1-85ec-49d1-8bca-ecca779cd539'
INSERT INTO "mendixsystem$entityidentifier" VALUES('eb5c32a1-85ec-49d1-8bca-ecca779cd539',46,301)
COMMIT
ALTER SEQUENCE PUBLIC."system$queuedtask_sequence_mxseq" RESTART WITH 41
INSERT INTO "system$queuedtask" VALUES(4503599627396955,40,'Idle','59651013-f9bc-4fc1-b435-276439b07899','System.ScheduledEventsQueue','ScheduledEvent',NULL,NULL,'ClusterManagement-CleanupSessions','[]',NULL,NULL,'2023-12-13 12:18:40.543000','2023-12-13 12:23:39.252000',NULL,0,NULL,'ClusterManagement-CleanupSessions',NULL)
INSERT INTO "system$processedqueuetask" VALUES(12947848928716424,32,'Completed','59651013-f9bc-4fc1-b435-276439b07899','System.ScheduledEventsQueue','ScheduledEvent',NULL,NULL,'ClusterManagement-CleanupSessions','[]','e3bf19c5-ea62-48f4-90ff-e962cef22db1',35,'2023-12-13 12:04:38.295000','2023-12-13 12:18:39.252000','2023-12-13 12:18:40.433000','2023-12-13 12:18:40.548000',115,0,NULL,'ClusterManagement-CleanupSessions',NULL)
DELETE FROM "system$queuedtask" WHERE "id"=4503599627384085
COMMIT
/*C4*/INSERT INTO "system$queuedtask" VALUES(4503599627396684,38,'Idle','59651013-f9bc-4fc1-b435-276439b07899','System.ScheduledEventsQueue','ScheduledEvent',NULL,NULL,'ClusterManagement-CleanupOfflineGUIDs','[]',NULL,NULL,'2023-12-13 12:18:40.492000','2023-12-13 12:23:39.252000',NULL,0,NULL,'ClusterManagement-CleanupOfflineGUIDs',NULL)
INSERT INTO "system$processedqueuetask" VALUES(12947848928716053,28,'Completed','59651013-f9bc-4fc1-b435-276439b07899','System.ScheduledEventsQueue','ScheduledEvent',NULL,NULL,'ClusterManagement-CleanupOfflineGUIDs','[]','e3bf19c5-ea62-48f4-90ff-e962cef22db1',35,'2023-12-13 12:04:38.257000','2023-12-13 12:18:39.252000','2023-12-13 12:18:40.419000','2023-12-13 12:18:40.520000',101,0,NULL,'ClusterManagement-CleanupOfflineGUIDs',NULL)
DELETE FROM "system$queuedtask" WHERE "id"=4503599627383593
COMMIT
/*C3*/INSERT INTO "system$queuedtask" VALUES(4503599627396778,39,'Idle','59651013-f9bc-4fc1-b435-276439b07899','System.ScheduledEventsQueue','ScheduledEvent',NULL,NULL,'ClusterManagement-CleanupTmpDocuments','[]',NULL,NULL,'2023-12-13 12:18:40.507000','2023-12-13 12:23:39.251000',NULL,0,NULL,'ClusterManagement-CleanupTmpDocuments',NULL)
INSERT INTO "system$processedqueuetask" VALUES(12947848928715952,31,'Completed','59651013-f9bc-4fc1-b435-276439b07899','System.ScheduledEventsQueue','ScheduledEvent',NULL,NULL,'ClusterManagement-CleanupTmpDocuments','[]','e3bf19c5-ea62-48f4-90ff-e962cef22db1',35,'2023-12-13 12:04:38.299000','2023-12-13 12:18:39.251000','2023-12-13 12:18:40.432000','2023-12-13 12:18:40.520000',88,0,NULL,'ClusterManagement-CleanupTmpDocuments',NULL)
DELETE FROM "system$queuedtask" WHERE "id"=4503599627384028
COMMIT
/*C5*/SET SCHEMA PUBLIC
INSERT INTO "system$queuedtask" VALUES(4503599627396484,36,'Idle','59651013-f9bc-4fc1-b435-276439b07899','System.ScheduledEventsQueue','ScheduledEvent',NULL,NULL,'ClusterManagement-CleanupBackgroundJobs','[]',NULL,NULL,'2023-12-13 12:18:40.492000','2023-12-13 12:23:39.251000',NULL,0,NULL,'ClusterManagement-CleanupBackgroundJobs',NULL)
INSERT INTO "system$processedqueuetask" VALUES(12947848928716217,30,'Completed','59651013-f9bc-4fc1-b435-276439b07899','System.ScheduledEventsQueue','ScheduledEvent',NULL,NULL,'ClusterManagement-CleanupBackgroundJobs','[]','e3bf19c5-ea62-48f4-90ff-e962cef22db1',35,'2023-12-13 12:04:38.256000','2023-12-13 12:18:39.251000','2023-12-13 12:18:40.428000','2023-12-13 12:18:40.520000',92,0,NULL,'ClusterManagement-CleanupBackgroundJobs',NULL)
DELETE FROM "system$queuedtask" WHERE "id"=4503599627383835
COMMIT
/*C2*/INSERT INTO "system$queuedtask" VALUES(4503599627396378,37,'Idle','59651013-f9bc-4fc1-b435-276439b07899','System.ScheduledEventsQueue','ScheduledEvent',NULL,NULL,'ClusterManagement-CleanupOfflineSyncHistory','[]',NULL,NULL,'2023-12-13 12:18:40.493000','2023-12-13 12:23:39.252000',NULL,0,NULL,'ClusterManagement-CleanupOfflineSyncHistory',NULL)
INSERT INTO "system$processedqueuetask" VALUES(12947848928716330,29,'Completed','59651013-f9bc-4fc1-b435-276439b07899','System.ScheduledEventsQueue','ScheduledEvent',NULL,NULL,'ClusterManagement-CleanupOfflineSyncHistory','[]','e3bf19c5-ea62-48f4-90ff-e962cef22db1',35,'2023-12-13 12:04:38.256000','2023-12-13 12:18:39.252000','2023-12-13 12:18:40.425000','2023-12-13 12:18:40.520000',95,0,NULL,'ClusterManagement-CleanupOfflineSyncHistory',NULL)
DELETE FROM "system$queuedtask" WHERE "id"=4503599627383780
COMMIT
DELETE FROM "system$user" WHERE "id"=281474976710943
INSERT INTO "system$user" VALUES(281474976710943,'MxAdmin','{BCrypt}$2a$10$fFYfmKHxh08.0ZesMC.zqebhKvGERcAA6k01AE9snP5Ofmg4JcLry','2023-12-13 11:35:32.767000',FALSE,NULL,TRUE,0,FALSE,FALSE,'2023-12-13 11:29:26.426000','2023-12-13 11:29:26.426000','System.User',NULL,281474976710943)
COMMIT
DELETE FROM "system$queuedtask" WHERE "id"=4503599627384209
DELETE FROM "system$queuedtask" WHERE "id"=4503599627396245
INSERT INTO "system$queuedtask" VALUES(4503599627384209,33,'Running','59651013-f9bc-4fc1-b435-276439b07899','System.ScheduledEventsQueue','ScheduledEvent',NULL,NULL,'ClusterManagement-UnblockUsers','[]','e3bf19c5-ea62-48f4-90ff-e962cef22db1',35,'2023-12-13 12:04:41.434000','2023-12-13 12:18:43.252000','2023-12-13 12:18:43.674000',0,NULL,'ClusterManagement-UnblockUsers',NULL)
INSERT INTO "system$queuedtask" VALUES(4503599627396245,35,'Running','59651013-f9bc-4fc1-b435-276439b07899','System.ScheduledEventsQueue','System',NULL,NULL,'ClusterManagement-PopulateFileDocumentSizes','[]','e3bf19c5-ea62-48f4-90ff-e962cef22db1',35,'2023-12-13 12:18:38.211000','2023-12-13 12:18:43.175000','2023-12-13 12:18:43.676000',0,'{"interval":3600000,"triesLeft":12,"type":"fixed"}',NULL,NULL)
COMMIT
ALTER SEQUENCE PUBLIC."system$queuedtask_sequence_mxseq" RESTART WITH 42
/*C5*/INSERT INTO "system$queuedtask" VALUES(4503599627396995,41,'Idle','59651013-f9bc-4fc1-b435-276439b07899','System.ScheduledEventsQueue','ScheduledEvent',NULL,NULL,'ClusterManagement-UnblockUsers','[]',NULL,NULL,'2023-12-13 12:18:43.693000','2023-12-13 12:23:43.252000',NULL,0,NULL,'ClusterManagement-UnblockUsers',NULL)
INSERT INTO "system$processedqueuetask" VALUES(12947848928716639,33,'Completed','59651013-f9bc-4fc1-b435-276439b07899','System.ScheduledEventsQueue','ScheduledEvent',NULL,NULL,'ClusterManagement-UnblockUsers','[]','e3bf19c5-ea62-48f4-90ff-e962cef22db1',35,'2023-12-13 12:04:41.434000','2023-12-13 12:18:43.252000','2023-12-13 12:18:43.674000','2023-12-13 12:18:43.696000',22,0,NULL,'ClusterManagement-UnblockUsers',NULL)
DELETE FROM "system$queuedtask" WHERE "id"=4503599627384209
COMMIT
/*C2*/INSERT INTO "system$processedqueuetask" VALUES(12947848928716679,35,'Completed','59651013-f9bc-4fc1-b435-276439b07899','System.ScheduledEventsQueue','System',NULL,NULL,'ClusterManagement-PopulateFileDocumentSizes','[]','e3bf19c5-ea62-48f4-90ff-e962cef22db1',35,'2023-12-13 12:18:38.211000','2023-12-13 12:18:43.175000','2023-12-13 12:18:43.676000','2023-12-13 12:18:43.697000',21,0,NULL,NULL,NULL)
DELETE FROM "system$queuedtask" WHERE "id"=4503599627396245
COMMIT
DELETE FROM "system$queuedtask" WHERE "id"=4503599627384339
INSERT INTO "system$queuedtask" VALUES(4503599627384339,34,'Running','59651013-f9bc-4fc1-b435-276439b07899','System.ScheduledEventsQueue','ScheduledEvent',NULL,NULL,'ClusterManagement-MigrateOldFiles','[]','e3bf19c5-ea62-48f4-90ff-e962cef22db1',35,'2023-12-13 12:06:17.406000','2023-12-13 12:20:19.252000','2023-12-13 12:20:19.725000',0,NULL,'ClusterManagement-MigrateOldFiles',NULL)
COMMIT
/*C5*/ALTER SEQUENCE PUBLIC."system$queuedtask_sequence_mxseq" RESTART WITH 43
INSERT INTO "system$queuedtask" VALUES(4503599627397173,42,'Idle','59651013-f9bc-4fc1-b435-276439b07899','System.ScheduledEventsQueue','ScheduledEvent',NULL,NULL,'ClusterManagement-MigrateOldFiles','[]',NULL,NULL,'2023-12-13 12:20:19.732000','2023-12-13 12:25:19.252000',NULL,0,NULL,'ClusterManagement-MigrateOldFiles',NULL)
INSERT INTO "system$processedqueuetask" VALUES(12947848928716876,34,'Completed','59651013-f9bc-4fc1-b435-276439b07899','System.ScheduledEventsQueue','ScheduledEvent',NULL,NULL,'ClusterManagement-MigrateOldFiles','[]','e3bf19c5-ea62-48f4-90ff-e962cef22db1',35,'2023-12-13 12:06:17.406000','2023-12-13 12:20:19.252000','2023-12-13 12:20:19.725000','2023-12-13 12:20:19.735000',10,0,NULL,'ClusterManagement-MigrateOldFiles',NULL)
DELETE FROM "system$queuedtask" WHERE "id"=4503599627384339
COMMIT
/*C2*/DELETE FROM "mendixsystem$entityidentifier" WHERE "id"='282e2e60-88a5-469d-84a5-ba8d9151644f'
INSERT INTO "mendixsystem$entityidentifier" VALUES('282e2e60-88a5-469d-84a5-ba8d9151644f',1,201)
COMMIT
INSERT INTO "system$user" VALUES(281474976723585,'Anonymous_1d70d74f-5f41-4ec2-b828-e9fbc130a7b9','{BCrypt}$2a$10$Lu.hv1rji1iNF9IPOnO8ReN6dZhHzT3I.QT87yP3zo0fe23Mxn3xS','2023-12-13 12:21:11.169000',FALSE,NULL,TRUE,0,FALSE,TRUE,'2023-12-13 12:21:11.014000','2023-12-13 12:21:11.014000','System.User',NULL,281474976723585)
INSERT INTO "system$userroles" VALUES(281474976723585,9851624184873439)
INSERT INTO "system$user_language" VALUES(281474976723585,13792273858822374)
COMMIT
DELETE FROM "system$user" WHERE "id"=281474976723585
INSERT INTO "system$user" VALUES(281474976723585,'Anonymous_1d70d74f-5f41-4ec2-b828-e9fbc130a7b9','{BCrypt}$2a$10$Lu.hv1rji1iNF9IPOnO8ReN6dZhHzT3I.QT87yP3zo0fe23Mxn3xS','2023-12-13 12:21:11.211000',FALSE,NULL,TRUE,0,FALSE,TRUE,'2023-12-13 12:21:11.014000','2023-12-13 12:21:11.014000','System.User',NULL,281474976723585)
COMMIT
/*C5*/DELETE FROM "mendixsystem$entityidentifier" WHERE "id"='37f9fd49-5318-4c63-9a51-f761779b202f'
INSERT INTO "mendixsystem$entityidentifier" VALUES('37f9fd49-5318-4c63-9a51-f761779b202f',24,201)
COMMIT
INSERT INTO "system$session" VALUES(6755399441068766,'9374051d-02d3-4eb1-8667-1a91e25601bc','60bd00fd-4ed7-499b-be39-e7a7dafa254f','2023-12-13 12:21:11.275000',FALSE,'6924597d-2141-443d-9314-be900f2515c3',NULL,'2023-12-13 12:21:11.275000')
INSERT INTO "system$session_user" VALUES(6755399441068766,281474976723585)
COMMIT
DELETE FROM "system$session" WHERE "id"=6755399441068766
INSERT INTO "system$session" VALUES(6755399441068766,'9374051d-02d3-4eb1-8667-1a91e25601bc','60bd00fd-4ed7-499b-be39-e7a7dafa254f','2023-12-13 12:21:11.296000',FALSE,'6924597d-2141-443d-9314-be900f2515c3',NULL,'2023-12-13 12:21:11.275000')
COMMIT
/*C3*/DELETE FROM "system$user" WHERE "id"=281474976710943
INSERT INTO "system$user" VALUES(281474976710943,'MxAdmin','{BCrypt}$2a$10$fFYfmKHxh08.0ZesMC.zqebhKvGERcAA6k01AE9snP5Ofmg4JcLry','2023-12-13 12:21:26.062000',FALSE,NULL,TRUE,0,FALSE,FALSE,'2023-12-13 11:29:26.426000','2023-12-13 11:29:26.426000','System.User',NULL,281474976710943)
COMMIT
DELETE FROM "system$session_user" WHERE "system$sessionid"=6755399441068766 AND "system$userid"=281474976723585
INSERT INTO "system$session_user" VALUES(6755399441068766,281474976710943)
COMMIT
DELETE FROM "system$user" WHERE "id"=281474976723585
DELETE FROM "system$userroles" WHERE "system$userid"=281474976723585 AND "system$userroleid"=9851624184873439
DELETE FROM "system$user_language" WHERE "system$userid"=281474976723585 AND "system$languageid"=13792273858822374
COMMIT
DELETE FROM "system$session" WHERE "id"=6755399441068766
INSERT INTO "system$session" VALUES(6755399441068766,'a1ea08f0-c1be-445e-be22-3ccc5370aba9','60bd00fd-4ed7-499b-be39-e7a7dafa254f','2023-12-13 12:21:11.296000',FALSE,'6924597d-2141-443d-9314-be900f2515c3',NULL,'2023-12-13 12:21:11.275000')
COMMIT
DELETE FROM "mendixsystem$entityidentifier" WHERE "id"='09b2f0fe-4a11-4afc-a16e-94992a3ebc3d'
INSERT INTO "mendixsystem$entityidentifier" VALUES('09b2f0fe-4a11-4afc-a16e-94992a3ebc3d',47,201)
COMMIT
/*C2*/INSERT INTO "system$tokeninformation" VALUES(13229323905413805,'{BCrypt}$2a$10$n5w88wztl3EllUo3bNRMC.Wkxfu79B/p3EGRh1Mc/6.TVkK8uyPqa',NULL,'okhttp/4.9.2')
INSERT INTO "system$tokeninformation_user" VALUES(13229323905413805,281474976710943)
COMMIT
DELETE FROM "system$session" WHERE "id"=6755399441068766
INSERT INTO "system$session" VALUES(6755399441068766,'a1ea08f0-c1be-445e-be22-3ccc5370aba9','60bd00fd-4ed7-499b-be39-e7a7dafa254f','2023-12-13 12:21:29.072000',FALSE,'6924597d-2141-443d-9314-be900f2515c3',NULL,'2023-12-13 12:21:11.275000')
COMMIT
/*C5*/DELETE FROM "system$session" WHERE "id"=6755399441068766
DELETE FROM "system$session_user" WHERE "system$sessionid"=6755399441068766 AND "system$userid"=281474976710943
COMMIT
DELETE FROM "system$tokeninformation" WHERE "id"=13229323905413805
DELETE FROM "system$tokeninformation_user" WHERE "system$tokeninformationid"=13229323905413805 AND "system$userid"=281474976710943
COMMIT
INSERT INTO "system$user" VALUES(281474976723764,'Anonymous_b00cb2bb-aed6-4936-aef9-c4f25d7f9665','{BCrypt}$2a$10$rqIGAeMQ/MPFUkqvwChdqe09yPc3DUjDXBvkIY2Z9Co.Mie4WdHm6','2023-12-13 12:21:41.134000',FALSE,NULL,TRUE,0,FALSE,TRUE,'2023-12-13 12:21:41.032000','2023-12-13 12:21:41.032000','System.User',NULL,281474976723764)
INSERT INTO "system$userroles" VALUES(281474976723764,9851624184873439)
INSERT INTO "system$user_language" VALUES(281474976723764,13792273858822374)
COMMIT
DELETE FROM "system$user" WHERE "id"=281474976723764
INSERT INTO "system$user" VALUES(281474976723764,'Anonymous_b00cb2bb-aed6-4936-aef9-c4f25d7f9665','{BCrypt}$2a$10$rqIGAeMQ/MPFUkqvwChdqe09yPc3DUjDXBvkIY2Z9Co.Mie4WdHm6','2023-12-13 12:21:41.141000',FALSE,NULL,TRUE,0,FALSE,TRUE,'2023-12-13 12:21:41.032000','2023-12-13 12:21:41.032000','System.User',NULL,281474976723764)
COMMIT
/*C2*/INSERT INTO "system$session" VALUES(6755399441068874,'afe0e592-f346-4811-b0c6-108a638093e5','b6b33442-0026-476a-82a7-3933427b59e4','2023-12-13 12:21:41.156000',FALSE,'82a2255e-daa8-4d16-a6e0-43596b806b8f',NULL,'2023-12-13 12:21:41.156000')
INSERT INTO "system$session_user" VALUES(6755399441068874,281474976723764)
COMMIT
DELETE FROM "system$session" WHERE "id"=6755399441068874
INSERT INTO "system$session" VALUES(6755399441068874,'afe0e592-f346-4811-b0c6-108a638093e5','b6b33442-0026-476a-82a7-3933427b59e4','2023-12-13 12:21:41.160000',FALSE,'82a2255e-daa8-4d16-a6e0-43596b806b8f',NULL,'2023-12-13 12:21:41.156000')
COMMIT
DELETE FROM "system$queuedtask" WHERE "id"=4503599627372901
INSERT INTO "system$queuedtask" VALUES(4503599627372901,18,'Running','59651013-f9bc-4fc1-b435-276439b07899','System.ScheduledEventsQueue','ScheduledEvent',NULL,NULL,'ClusterManagement-CleanupOrphanedFiles','[]','e3bf19c5-ea62-48f4-90ff-e962cef22db1',35,'2023-12-13 11:31:54.413000','2023-12-13 12:21:59.252000','2023-12-13 12:21:59.997000',0,NULL,'ClusterManagement-CleanupOrphanedFiles',NULL)
COMMIT
ALTER SEQUENCE PUBLIC."system$queuedtask_sequence_mxseq" RESTART WITH 44
INSERT INTO "system$queuedtask" VALUES(4503599627397323,43,'Idle','59651013-f9bc-4fc1-b435-276439b07899','System.ScheduledEventsQueue','ScheduledEvent',NULL,NULL,'ClusterManagement-CleanupOrphanedFiles','[]',NULL,NULL,'2023-12-13 12:22:00.025000','2023-12-13 12:26:59.252000',NULL,0,NULL,'ClusterManagement-CleanupOrphanedFiles',NULL)
INSERT INTO "system$processedqueuetask" VALUES(12947848928717045,18,'Completed','59651013-f9bc-4fc1-b435-276439b07899','System.ScheduledEventsQueue','ScheduledEvent',NULL,NULL,'ClusterManagement-CleanupOrphanedFiles','[]','e3bf19c5-ea62-48f4-90ff-e962cef22db1',35,'2023-12-13 11:31:54.413000','2023-12-13 12:21:59.252000','2023-12-13 12:21:59.997000','2023-12-13 12:22:00.027000',30,0,NULL,'ClusterManagement-CleanupOrphanedFiles',NULL)
DELETE FROM "system$queuedtask" WHERE "id"=4503599627372901
COMMIT
DELETE FROM "system$xasinstance" WHERE "id"=844424930157746
INSERT INTO "system$xasinstance" VALUES(844424930157746,'e3bf19c5-ea62-48f4-90ff-e962cef22db1','2023-12-13 12:23:39.174000',NULL,NULL,NULL,'2023-12-13 12:18:36.676000')
COMMIT
DELETE FROM "system$queuedtask" WHERE "id"=4503599627396484
DELETE FROM "system$queuedtask" WHERE "id"=4503599627396378
DELETE FROM "system$queuedtask" WHERE "id"=4503599627396684
DELETE FROM "system$queuedtask" WHERE "id"=4503599627396778
DELETE FROM "system$queuedtask" WHERE "id"=4503599627396955
INSERT INTO "system$queuedtask" VALUES(4503599627396484,36,'Running','59651013-f9bc-4fc1-b435-276439b07899','System.ScheduledEventsQueue','ScheduledEvent',NULL,NULL,'ClusterManagement-CleanupBackgroundJobs','[]','e3bf19c5-ea62-48f4-90ff-e962cef22db1',35,'2023-12-13 12:18:40.492000','2023-12-13 12:23:39.251000','2023-12-13 12:23:39.896000',0,NULL,'ClusterManagement-CleanupBackgroundJobs',NULL)
INSERT INTO "system$queuedtask" VALUES(4503599627396378,37,'Running','59651013-f9bc-4fc1-b435-276439b07899','System.ScheduledEventsQueue','ScheduledEvent',NULL,NULL,'ClusterManagement-CleanupOfflineSyncHistory','[]','e3bf19c5-ea62-48f4-90ff-e962cef22db1',35,'2023-12-13 12:18:40.493000','2023-12-13 12:23:39.252000','2023-12-13 12:23:39.898000',0,NULL,'ClusterManagement-CleanupOfflineSyncHistory',NULL)
INSERT INTO "system$queuedtask" VALUES(4503599627396684,38,'Running','59651013-f9bc-4fc1-b435-276439b07899','System.ScheduledEventsQueue','ScheduledEvent',NULL,NULL,'ClusterManagement-CleanupOfflineGUIDs','[]','e3bf19c5-ea62-48f4-90ff-e962cef22db1',35,'2023-12-13 12:18:40.492000','2023-12-13 12:23:39.252000','2023-12-13 12:23:39.900000',0,NULL,'ClusterManagement-CleanupOfflineGUIDs',NULL)
INSERT INTO "system$queuedtask" VALUES(4503599627396778,39,'Running','59651013-f9bc-4fc1-b435-276439b07899','System.ScheduledEventsQueue','ScheduledEvent',NULL,NULL,'ClusterManagement-CleanupTmpDocuments','[]','e3bf19c5-ea62-48f4-90ff-e962cef22db1',35,'2023-12-13 12:18:40.507000','2023-12-13 12:23:39.251000','2023-12-13 12:23:39.902000',0,NULL,'ClusterManagement-CleanupTmpDocuments',NULL)
INSERT INTO "system$queuedtask" VALUES(4503599627396955,40,'Running','59651013-f9bc-4fc1-b435-276439b07899','System.ScheduledEventsQueue','ScheduledEvent',NULL,NULL,'ClusterManagement-CleanupSessions','[]','e3bf19c5-ea62-48f4-90ff-e962cef22db1',35,'2023-12-13 12:18:40.543000','2023-12-13 12:23:39.252000','2023-12-13 12:23:39.904000',0,NULL,'ClusterManagement-CleanupSessions',NULL)
COMMIT
ALTER SEQUENCE PUBLIC."system$queuedtask_sequence_mxseq" RESTART WITH 49
/*C5*/ALTER SEQUENCE PUBLIC."system$queuedtask_sequence_mxseq" RESTART WITH 49
/*C4*/ALTER SEQUENCE PUBLIC."system$queuedtask_sequence_mxseq" RESTART WITH 49
/*C2*/INSERT INTO "system$queuedtask" VALUES(4503599627397514,45,'Idle','59651013-f9bc-4fc1-b435-276439b07899','System.ScheduledEventsQueue','ScheduledEvent',NULL,NULL,'ClusterManagement-CleanupOfflineSyncHistory','[]',NULL,NULL,'2023-12-13 12:23:39.911000','2023-12-13 12:28:39.252000',NULL,0,NULL,'ClusterManagement-CleanupOfflineSyncHistory',NULL)
INSERT INTO "system$processedqueuetask" VALUES(12947848928717314,37,'Completed','59651013-f9bc-4fc1-b435-276439b07899','System.ScheduledEventsQueue','ScheduledEvent',NULL,NULL,'ClusterManagement-CleanupOfflineSyncHistory','[]','e3bf19c5-ea62-48f4-90ff-e962cef22db1',35,'2023-12-13 12:18:40.493000','2023-12-13 12:23:39.252000','2023-12-13 12:23:39.898000','2023-12-13 12:23:39.913000',15,0,NULL,'ClusterManagement-CleanupOfflineSyncHistory',NULL)
DELETE FROM "system$queuedtask" WHERE "id"=4503599627396378
COMMIT
/*C3*/INSERT INTO "system$queuedtask" VALUES(4503599627397709,46,'Idle','59651013-f9bc-4fc1-b435-276439b07899','System.ScheduledEventsQueue','ScheduledEvent',NULL,NULL,'ClusterManagement-CleanupTmpDocuments','[]',NULL,NULL,'2023-12-13 12:23:39.912000','2023-12-13 12:28:39.251000',NULL,0,NULL,'ClusterManagement-CleanupTmpDocuments',NULL)
INSERT INTO "system$processedqueuetask" VALUES(12947848928717151,39,'Completed','59651013-f9bc-4fc1-b435-276439b07899','System.ScheduledEventsQueue','ScheduledEvent',NULL,NULL,'ClusterManagement-CleanupTmpDocuments','[]','e3bf19c5-ea62-48f4-90ff-e962cef22db1',35,'2023-12-13 12:18:40.507000','2023-12-13 12:23:39.251000','2023-12-13 12:23:39.902000','2023-12-13 12:23:39.914000',12,0,NULL,'ClusterManagement-CleanupTmpDocuments',NULL)
DELETE FROM "system$queuedtask" WHERE "id"=4503599627396778
COMMIT
/*C6*/INSERT INTO "system$queuedtask" VALUES(4503599627397801,47,'Idle','59651013-f9bc-4fc1-b435-276439b07899','System.ScheduledEventsQueue','ScheduledEvent',NULL,NULL,'ClusterManagement-CleanupBackgroundJobs','[]',NULL,NULL,'2023-12-13 12:23:39.912000','2023-12-13 12:28:39.251000',NULL,0,NULL,'ClusterManagement-CleanupBackgroundJobs',NULL)
INSERT INTO "system$processedqueuetask" VALUES(12947848928717569,36,'Completed','59651013-f9bc-4fc1-b435-276439b07899','System.ScheduledEventsQueue','ScheduledEvent',NULL,NULL,'ClusterManagement-CleanupBackgroundJobs','[]','e3bf19c5-ea62-48f4-90ff-e962cef22db1',35,'2023-12-13 12:18:40.492000','2023-12-13 12:23:39.251000','2023-12-13 12:23:39.896000','2023-12-13 12:23:39.913000',17,0,NULL,'ClusterManagement-CleanupBackgroundJobs',NULL)
DELETE FROM "system$queuedtask" WHERE "id"=4503599627396484
COMMIT
/*C4*/INSERT INTO "system$queuedtask" VALUES(4503599627397932,48,'Idle','59651013-f9bc-4fc1-b435-276439b07899','System.ScheduledEventsQueue','ScheduledEvent',NULL,NULL,'ClusterManagement-CleanupSessions','[]',NULL,NULL,'2023-12-13 12:23:39.912000','2023-12-13 12:28:39.252000',NULL,0,NULL,'ClusterManagement-CleanupSessions',NULL)
INSERT INTO "system$processedqueuetask" VALUES(12947848928717274,40,'Completed','59651013-f9bc-4fc1-b435-276439b07899','System.ScheduledEventsQueue','ScheduledEvent',NULL,NULL,'ClusterManagement-CleanupSessions','[]','e3bf19c5-ea62-48f4-90ff-e962cef22db1',35,'2023-12-13 12:18:40.543000','2023-12-13 12:23:39.252000','2023-12-13 12:23:39.904000','2023-12-13 12:23:39.913000',9,0,NULL,'ClusterManagement-CleanupSessions',NULL)
DELETE FROM "system$queuedtask" WHERE "id"=4503599627396955
COMMIT
/*C5*/INSERT INTO "system$queuedtask" VALUES(4503599627397396,44,'Idle','59651013-f9bc-4fc1-b435-276439b07899','System.ScheduledEventsQueue','ScheduledEvent',NULL,NULL,'ClusterManagement-CleanupOfflineGUIDs','[]',NULL,NULL,'2023-12-13 12:23:39.911000','2023-12-13 12:28:39.252000',NULL,0,NULL,'ClusterManagement-CleanupOfflineGUIDs',NULL)
INSERT INTO "system$processedqueuetask" VALUES(12947848928717546,38,'Completed','59651013-f9bc-4fc1-b435-276439b07899','System.ScheduledEventsQueue','ScheduledEvent',NULL,NULL,'ClusterManagement-CleanupOfflineGUIDs','[]','e3bf19c5-ea62-48f4-90ff-e962cef22db1',35,'2023-12-13 12:18:40.492000','2023-12-13 12:23:39.252000','2023-12-13 12:23:39.900000','2023-12-13 12:23:39.913000',13,0,NULL,'ClusterManagement-CleanupOfflineGUIDs',NULL)
DELETE FROM "system$queuedtask" WHERE "id"=4503599627396684
COMMIT
/*C4*/DELETE FROM "system$queuedtask" WHERE "id"=4503599627396995
INSERT INTO "system$queuedtask" VALUES(4503599627396995,41,'Running','59651013-f9bc-4fc1-b435-276439b07899','System.ScheduledEventsQueue','ScheduledEvent',NULL,NULL,'ClusterManagement-UnblockUsers','[]','e3bf19c5-ea62-48f4-90ff-e962cef22db1',35,'2023-12-13 12:18:43.693000','2023-12-13 12:23:43.252000','2023-12-13 12:23:43.962000',0,NULL,'ClusterManagement-UnblockUsers',NULL)
COMMIT
/*C5*/ALTER SEQUENCE PUBLIC."system$queuedtask_sequence_mxseq" RESTART WITH 50
INSERT INTO "system$queuedtask" VALUES(4503599627398042,49,'Idle','59651013-f9bc-4fc1-b435-276439b07899','System.ScheduledEventsQueue','ScheduledEvent',NULL,NULL,'ClusterManagement-UnblockUsers','[]',NULL,NULL,'2023-12-13 12:23:43.967000','2023-12-13 12:28:43.252000',NULL,0,NULL,'ClusterManagement-UnblockUsers',NULL)
INSERT INTO "system$processedqueuetask" VALUES(12947848928717737,41,'Completed','59651013-f9bc-4fc1-b435-276439b07899','System.ScheduledEventsQueue','ScheduledEvent',NULL,NULL,'ClusterManagement-UnblockUsers','[]','e3bf19c5-ea62-48f4-90ff-e962cef22db1',35,'2023-12-13 12:18:43.693000','2023-12-13 12:23:43.252000','2023-12-13 12:23:43.962000','2023-12-13 12:23:43.970000',8,0,NULL,'ClusterManagement-UnblockUsers',NULL)
DELETE FROM "system$queuedtask" WHERE "id"=4503599627396995
COMMIT
DELETE FROM "system$queuedtask" WHERE "id"=4503599627397173
INSERT INTO "system$queuedtask" VALUES(4503599627397173,42,'Running','59651013-f9bc-4fc1-b435-276439b07899','System.ScheduledEventsQueue','ScheduledEvent',NULL,NULL,'ClusterManagement-MigrateOldFiles','[]','e3bf19c5-ea62-48f4-90ff-e962cef22db1',35,'2023-12-13 12:20:19.732000','2023-12-13 12:25:19.252000','2023-12-13 12:25:19.819000',0,NULL,'ClusterManagement-MigrateOldFiles',NULL)
COMMIT
/*C4*/ALTER SEQUENCE PUBLIC."system$queuedtask_sequence_mxseq" RESTART WITH 51
INSERT INTO "system$queuedtask" VALUES(4503599627398207,50,'Idle','59651013-f9bc-4fc1-b435-276439b07899','System.ScheduledEventsQueue','ScheduledEvent',NULL,NULL,'ClusterManagement-MigrateOldFiles','[]',NULL,NULL,'2023-12-13 12:25:19.825000','2023-12-13 12:30:19.252000',NULL,0,NULL,'ClusterManagement-MigrateOldFiles',NULL)
INSERT INTO "system$processedqueuetask" VALUES(12947848928717838,42,'Completed','59651013-f9bc-4fc1-b435-276439b07899','System.ScheduledEventsQueue','ScheduledEvent',NULL,NULL,'ClusterManagement-MigrateOldFiles','[]','e3bf19c5-ea62-48f4-90ff-e962cef22db1',35,'2023-12-13 12:20:19.732000','2023-12-13 12:25:19.252000','2023-12-13 12:25:19.819000','2023-12-13 12:25:19.827000',8,0,NULL,'ClusterManagement-MigrateOldFiles',NULL)
DELETE FROM "system$queuedtask" WHERE "id"=4503599627397173
COMMIT
